Added Component: Designator=C1(ALS70A471DB500)
Add component (AddParameter): Name = "Category"; Value = "Aluminum Electrolytic Capacitors"; VariantName = "[No Variations]"
Add component (AddParameter): Name = "ComponentLink1Description"; Value = "https://api.kemet.com/component-edge/download/datasheet/ALS70A471DB500.pdf?src-supplier=Digi-Key"; VariantName = "[No Variations]"
Add component (AddParameter): Name = "ComponentLink1URL"; Value = "https://api.kemet.com/component-edge/download/datasheet/ALS70A471DB500.pdf?src-supplier=Digi-Key"; VariantName = "[No Variations]"
Add component (AddParameter): Name = "Manufacturer"; Value = "KEMET"; VariantName = "[No Variations]"
Add component (AddParameter): Name = "Manufacturer Part Number"; Value = "ALS70A471DB500"; VariantName = "[No Variations]"
Add component (AddParameter): Name = "Pricing 1"; Value = "1=12,69000, 10=12,06000, 50=10,15560, 100=9,52090, 500=8,44184, 1000=7,93406, 2500=7,77538, 5000=7,61670 (USD)"; VariantName = "[No Variations]"
Add component (AddParameter): Name = "RoHS"; Value = "No"; VariantName = "[No Variations]"
Add component (AddParameter): Name = "Stock 1"; Value = "23"; VariantName = "[No Variations]"
Add component (AddParameter): Name = "Supplier 1"; Value = "Digi-Key"; VariantName = "[No Variations]"
Add component (AddParameter): Name = "Supplier Part Number 1"; Value = "399-14319-ND"; VariantName = "[No Variations]"
Added Component: Designator=C2(CAPC2012X90N)
Add component (AddParameter): Name = "Arrow Part Number"; Value = ""; VariantName = "[No Variations]"
Add component (AddParameter): Name = "Arrow Price/Stock"; Value = ""; VariantName = "[No Variations]"
Add component (AddParameter): Name = "Datasheet Link"; Value = "https://katalog.we-online.com/pbs/datasheet/885012207087.pdf"; VariantName = "[No Variations]"
Add component (AddParameter): Name = "Height"; Value = "0.9mm"; VariantName = "[No Variations]"
Add component (AddParameter): Name = "Manufacturer_Name"; Value = "Wurth Elektronik"; VariantName = "[No Variations]"
Add component (AddParameter): Name = "Manufacturer_Part_Number"; Value = "885012207087"; VariantName = "[No Variations]"
Add component (AddParameter): Name = "Mouser Part Number"; Value = "710-885012207087"; VariantName = "[No Variations]"
Add component (AddParameter): Name = "Mouser Price/Stock"; Value = "https://www.mouser.co.uk/ProductDetail/Wurth-Elektronik/885012207087/?qs=0KOYDY2FL29zqUuVSiTMTA%3D%3D"; VariantName = "[No Variations]"
Added Pin To Net: NetName=Rectifier- Pin=C1-1
Added Pin To Net: NetName=Rectifier+ Pin=C1-2
Added Pin To Net: NetName=Rectifier- Pin=C2-1
Added Pin To Net: NetName=NetC2_2 Pin=C2-2
Added Member To Class: ClassName=Rectifier Member=Component C1 ALS70A471DB500
Added Member To Class: ClassName=Converter Member=Component C2 885012207087
Added Member To Class: ClassName=Converter Member=Component L1 PM2120-102K-RC
