Change Component Footprint: Designator=IC? Old Footprint=SOIC127P600X175-14N New Footprint=SOIC127P600X175-8N
Change Component Comment : Designator=IC? Old Comment=FAD7191M1X New Comment=NCP5181DR2G
Change component parameters: Designator = "IC?" ("IC?"); Footprint = "SOIC127P600X175-14N"; UniqueID = "\XGRCAUKV" ("\XGRCAUKV")
Change component parameters (AddParameter): Name = "Arrow Part Number"; Value = "NCP5181DR2G"; VariantName = "[No Variations]"
Change component parameters (AddParameter): Name = "Arrow Price/Stock"; Value = "https://www.arrow.com/en/products/ncp5181dr2g/on-semiconductor"; VariantName = "[No Variations]"
Change component parameters (AddParameter): Name = "Datasheet Link"; Value = "http://www.onsemi.com/pub/Collateral/NCP5181-D.PDF"; VariantName = "[No Variations]"
Change component parameters (AddParameter): Name = "Height"; Value = "1.75mm"; VariantName = "[No Variations]"
Change component parameters (AddParameter): Name = "Manufacturer_Name"; Value = "ON Semiconductor"; VariantName = "[No Variations]"
Change component parameters (AddParameter): Name = "Manufacturer_Part_Number"; Value = "NCP5181DR2G"; VariantName = "[No Variations]"
Change component parameters (AddParameter): Name = "Mouser Part Number"; Value = "863-NCP5181DR2G"; VariantName = "[No Variations]"
Change component parameters (AddParameter): Name = "Mouser Price/Stock"; Value = "https://www.mouser.co.uk/ProductDetail/ON-Semiconductor/NCP5181DR2G/?qs=OSf9jACorvZepnMsAKlxsQ%3D%3D"; VariantName = "[No Variations]"
Added Component: Designator=IC?(SOIC127P600X175-16N)
Add component (AddParameter): Name = "Arrow Part Number"; Value = "TL594IDR"; VariantName = "[No Variations]"
Add component (AddParameter): Name = "Arrow Price/Stock"; Value = "https://www.arrow.com/en/products/tl594idr/texas-instruments"; VariantName = "[No Variations]"
Add component (AddParameter): Name = "Datasheet Link"; Value = "http://www.ti.com/lit/gpn/TL594"; VariantName = "[No Variations]"
Add component (AddParameter): Name = "Height"; Value = "1.75mm"; VariantName = "[No Variations]"
Add component (AddParameter): Name = "Manufacturer_Name"; Value = "Texas Instruments"; VariantName = "[No Variations]"
Add component (AddParameter): Name = "Manufacturer_Part_Number"; Value = "TL594IDR"; VariantName = "[No Variations]"
Add component (AddParameter): Name = "Mouser Part Number"; Value = "595-TL594IDR"; VariantName = "[No Variations]"
Add component (AddParameter): Name = "Mouser Price/Stock"; Value = "https://www.mouser.co.uk/ProductDetail/Texas-Instruments/TL594IDR/?qs=odmYgEirbwx2xq08uKs%2FLA%3D%3D"; VariantName = "[No Variations]"
Added Member To Class: ClassName=Rectifier Member=Component C1 ALS70A471DB500
Added Member To Class: ClassName=Converter Member=Component C2 885012207087
Added Member To Class: ClassName=Controller Member=Component IC? TL594IDR
Added Member To Class: ClassName=Converter Member=Component L1 PM2120-102K-RC
