Removed Pin From Net: NetName=18V Pin=IC2-5
Removed Member From Class: ClassName=Controller Member=C2R
Added Component: Designator=Cboot(CAPC3216X229N)
Add component (AddParameter): Name = "Arrow Part Number"; Value = "12065D106KAT2A"; VariantName = "[No Variations]"
Add component (AddParameter): Name = "Arrow Price/Stock"; Value = "https://www.arrow.com/en/products/12065d106kat2a/avx"; VariantName = "[No Variations]"
Add component (AddParameter): Name = "Datasheet Link"; Value = "http://datasheets.avx.com/cx5r.pdf"; VariantName = "[No Variations]"
Add component (AddParameter): Name = "Height"; Value = "2.29mm"; VariantName = "[No Variations]"
Add component (AddParameter): Name = "Manufacturer_Name"; Value = "AVX"; VariantName = "[No Variations]"
Add component (AddParameter): Name = "Manufacturer_Part_Number"; Value = "12065D106KAT2A"; VariantName = "[No Variations]"
Add component (AddParameter): Name = "Mouser Part Number"; Value = "581-12065D106KAT2A"; VariantName = "[No Variations]"
Add component (AddParameter): Name = "Mouser Price/Stock"; Value = "https://www.mouser.co.uk/ProductDetail/AVX/12065D106KAT2A?qs=KdTYp8tcPglFZs244%2FIMaw%3D%3D"; VariantName = "[No Variations]"
Added Component: Designator=D8(SBR3U60P57)
Add component (AddParameter): Name = "Arrow Part Number"; Value = "SBR3U60P5-7"; VariantName = "[No Variations]"
Add component (AddParameter): Name = "Arrow Price/Stock"; Value = "https://www.arrow.com/en/products/sbr3u60p5-7/diodes-incorporated"; VariantName = "[No Variations]"
Add component (AddParameter): Name = "Datasheet Link"; Value = "https://www.mouser.com/datasheet/2/115/SBR3U60P5-941054.pdf"; VariantName = "[No Variations]"
Add component (AddParameter): Name = "Height"; Value = "1.1mm"; VariantName = "[No Variations]"
Add component (AddParameter): Name = "Manufacturer_Name"; Value = "Diodes Inc."; VariantName = "[No Variations]"
Add component (AddParameter): Name = "Manufacturer_Part_Number"; Value = "SBR3U60P5-7"; VariantName = "[No Variations]"
Add component (AddParameter): Name = "Mouser Part Number"; Value = "621-SBR3U60P5-7"; VariantName = "[No Variations]"
Add component (AddParameter): Name = "Mouser Price/Stock"; Value = "https://www.mouser.co.uk/ProductDetail/Diodes-Incorporated/SBR3U60P5-7/?qs=nJRy1mI8RR%252BxxKqfP%2FhEGg%3D%3D"; VariantName = "[No Variations]"
Added Pin To Net: NetName=NetL1_1 Pin=Cboot-2
Added Pin To Net: NetName=18V Pin=D8-1
Added Pin To Net: NetName=18V Pin=D8-2
Added Pin To Net: NetName=NetL1_1 Pin=IC2-6
Change Net Name : Old Net Name=NetL1_1 New Net Name=BRIDGE
Added Pin To Net: NetName=NetD8_3 Pin=D8-3
Added Pin To Net: NetName=NetD8_3 Pin=IC2-5
Added Net: Name=NetD8_3
Added Pin To Net: NetName=VBOOT Pin=Cboot-1
Added Pin To Net: NetName=VBOOT Pin=IC2-8
Added Net: Name=VBOOT
Added Member To Class: ClassName=Controller Member=Component C2 2.2u
Added Member To Class: ClassName=Controller Member=Component Cboot 12065D106KAT2A
Added Member To Class: ClassName=Controller Member=Component D8 SBR3U60P5-7
Added Member To Class: ClassName=Controller Member=Component R1 2k
Added Member To Class: ClassName=Converter Member=Component Rsens RCWE0612R619FKEA
