Replace Part C? 450MXH270MEFCSN30X30 in C:\Users\Ali Belli\Documents\EE463-Term-Project\PCB\Three_phase_buck_converter_battery_charger\Schlib1.SchLib with 450MXH270MEFCSN30X30 from Schlib1.SchLib
Replace Part C? 450MXH270MEFCSN30X30 in C:\Users\Ali Belli\Documents\EE463-Term-Project\PCB\Three_phase_buck_converter_battery_charger\Schlib1.SchLib with 450MXH270MEFCSN30X30 from Schlib1.SchLib
Replace Part C? 450MXH270MEFCSN30X30 in C:\Users\Ali Belli\Documents\EE463-Term-Project\PCB\Three_phase_buck_converter_battery_charger\Schlib1.SchLib with 450MXH270MEFCSN30X30 from Schlib1.SchLib
Replace Part C? 450MXH270MEFCSN30X30 in C:\Users\Ali Belli\Documents\EE463-Term-Project\PCB\Three_phase_buck_converter_battery_charger\Schlib1.SchLib with 450MXH270MEFCSN30X30 from Schlib1.SchLib
Replace Part C? ALS70A471DB500 in C:\Users\Ali Belli\Documents\EE463-Term-Project\PCB\Three_phase_buck_converter_battery_charger\Schlib1.SchLib with ALS70A471DB500 from Schlib1.SchLib
Replace Part C? ALS70A471DB500 in C:\Users\Ali Belli\Documents\EE463-Term-Project\PCB\Three_phase_buck_converter_battery_charger\Schlib1.SchLib with ALS70A471DB500 from Schlib1.SchLib
Replace Part C? ALS70A471DB500 in C:\Users\Ali Belli\Documents\EE463-Term-Project\PCB\Three_phase_buck_converter_battery_charger\Schlib1.SchLib with ALS70A471DB500 from Schlib1.SchLib
Replace Part C? ALS70A471DB500 in C:\Users\Ali Belli\Documents\EE463-Term-Project\PCB\Three_phase_buck_converter_battery_charger\Schlib1.SchLib with ALS70A471DB500 from Schlib1.SchLib
Replace Part D? AS4PJ-M3/86A in C:\Users\Ali Belli\Documents\EE463-Term-Project\PCB\Three_phase_buck_converter_battery_charger\Schlib1.SchLib with AS4PJ-M3/86A from Schlib1.SchLib
Replace Part D? AS4PJ-M3/86A in C:\Users\Ali Belli\Documents\EE463-Term-Project\PCB\Three_phase_buck_converter_battery_charger\Schlib1.SchLib with AS4PJ-M3/86A from Schlib1.SchLib
Replace Part D? AS4PJ-M3/86A in C:\Users\Ali Belli\Documents\EE463-Term-Project\PCB\Three_phase_buck_converter_battery_charger\Schlib1.SchLib with AS4PJ-M3/86A from Schlib1.SchLib
Replace Part D? AS4PJ-M3/86A in C:\Users\Ali Belli\Documents\EE463-Term-Project\PCB\Three_phase_buck_converter_battery_charger\Schlib1.SchLib with AS4PJ-M3/86A from Schlib1.SchLib
Replace Part * Component_1 in C:\Users\Ali Belli\Documents\EE463-Term-Project\PCB\Three_phase_buck_converter_battery_charger\Schlib1.SchLib with Component_1 from Schlib1.SchLib
Replace Part * Component_1 in C:\Users\Ali Belli\Documents\EE463-Term-Project\PCB\Three_phase_buck_converter_battery_charger\Schlib1.SchLib with Component_1 from Schlib1.SchLib
Replace Part * Component_1 in C:\Users\Ali Belli\Documents\EE463-Term-Project\PCB\Three_phase_buck_converter_battery_charger\Schlib1.SchLib with Component_1 from Schlib1.SchLib
Replace Part * Component_1 in C:\Users\Ali Belli\Documents\EE463-Term-Project\PCB\Three_phase_buck_converter_battery_charger\Schlib1.SchLib with Component_1 from Schlib1.SchLib
Replace Part Q? FQD6N50CTM in C:\Users\Ali Belli\Documents\EE463-Term-Project\PCB\Three_phase_buck_converter_battery_charger\Schlib1.SchLib with FQD6N50CTM from Schlib1.SchLib
Replace Part Q? FQD6N50CTM in C:\Users\Ali Belli\Documents\EE463-Term-Project\PCB\Three_phase_buck_converter_battery_charger\Schlib1.SchLib with FQD6N50CTM from Schlib1.SchLib
Replace Part Q? FQD6N50CTM in C:\Users\Ali Belli\Documents\EE463-Term-Project\PCB\Three_phase_buck_converter_battery_charger\Schlib1.SchLib with FQD6N50CTM from Schlib1.SchLib
Replace Part Q? FQD6N50CTM in C:\Users\Ali Belli\Documents\EE463-Term-Project\PCB\Three_phase_buck_converter_battery_charger\Schlib1.SchLib with FQD6N50CTM from Schlib1.SchLib
